<?xml version="1.0" encoding="UTF-8"?>
<!-- Generated by org.testng.reporters.JUnitReportReporter -->
<testsuite hostname="DESKTOP-JSGTNCE" failures="0" tests="1" name="automation.testsuite.DropDownListDay12" time="7.064" errors="0" timestamp="2025-03-18T23:09:53 ICT" skipped="0">
  <testcase classname="automation.testsuite.DropDownListDay12" name="choseASWOption" time="7.064"/>
</testsuite> <!-- automation.testsuite.DropDownListDay12 -->
