<?xml version="1.0" encoding="UTF-8"?>
<!-- Generated by org.testng.reporters.JUnitReportReporter -->
<testsuite hostname="DESKTOP-JSGTNCE" failures="0" tests="1" name="automation.testsuite.Day12" time="38.227" errors="0" timestamp="2025-03-18T22:49:07 ICT" skipped="0">
  <testcase classname="automation.testsuite.Day12" name="clickRadioButton" time="38.227"/>
</testsuite> <!-- automation.testsuite.Day12 -->
