<?xml version="1.0" encoding="UTF-8"?>
<!-- Generated by org.testng.reporters.JUnitReportReporter -->
<testsuite hostname="DESKTOP-JSGTNCE" failures="0" tests="1" name="automation.testsuite.Assignment01" time="49.209" errors="0" timestamp="2025-03-24T17:48:52 ICT" skipped="0">
  <testcase classname="automation.testsuite.Assignment01" name="comparePrice" time="49.209"/>
</testsuite> <!-- automation.testsuite.Assignment01 -->
